<?xml version="1.0" encoding="UTF-8"?>
<testsuite name="com.app.server.service.QuestionTestCase" tests="4" skipped="0" failures="0" errors="0" timestamp="2015-11-02T05:59:58" hostname="3a80cb6ba80a" time="0.067">
  <properties/>
  <testcase name="test1Save" classname="com.app.server.service.QuestionTestCase" time="0.041"/>
  <testcase name="test2Update" classname="com.app.server.service.QuestionTestCase" time="0.012"/>
  <testcase name="test3FindById" classname="com.app.server.service.QuestionTestCase" time="0.006"/>
  <testcase name="test4Delete" classname="com.app.server.service.QuestionTestCase" time="0.008"/>
  <system-out><![CDATA[Setting logged in user info for ADD
In around repository aspect
[EL Fine]: sql: 2015-11-02 05:59:58.224--ClientSession(665548932)--Connection(804408837)--Thread(Thread[Test worker,5,main])--INSERT INTO ast_Question_M (questionId, levelid, question, questionDetails, questionIcon, versionId, createdBy, createdDate, updatedBy, updatedDate, activeStatus, txnAccessCode) VALUES (?, ?, ?, ?, ?, ?, ?, ?, ?, ?, ?, ?)
	bind => [8671CB12-7728-4657-A38F-AC80BAF12325, 11, h2JvdU3uU1iuvUSCeDqZKauncydFzSpe3MwlMEBvNFX8Efkj3P, sq6, 7IWnxAjFW1lh0Zx9oNiHY3Yn4drPNZFRwB5GeNFAWFRNMplILy, 1, AAAAA, 2015-11-02 11:29:58.196, null, 2015-11-02 11:29:58.196, 1, null]
In around repository aspect
[EL Fine]: sql: 2015-11-02 05:59:58.231--ClientSession(1312469635)--Connection(804408837)--Thread(Thread[Test worker,5,main])--SELECT questionId, levelid, question, questionDetails, questionIcon, versionId, createdBy, createdDate, updatedBy, updatedDate, activeStatus, txnAccessCode FROM ast_Question_M WHERE ((activeStatus = ?) AND (questionId = ?))
	bind => [1, 8671CB12-7728-4657-A38F-AC80BAF12325]
Setting logged in user info for UPDATE
In around repository aspect
[EL Fine]: sql: 2015-11-02 05:59:58.235--ClientSession(168726291)--Connection(804408837)--Thread(Thread[Test worker,5,main])--SELECT questionId, levelid, question, questionDetails, questionIcon, versionId, createdBy, createdDate, updatedBy, updatedDate, activeStatus, txnAccessCode FROM ast_Question_M WHERE (questionId = ?)
	bind => [8671CB12-7728-4657-A38F-AC80BAF12325]
[EL Fine]: sql: 2015-11-02 05:59:58.236--ClientSession(168726291)--Connection(804408837)--Thread(Thread[Test worker,5,main])--UPDATE ast_Question_M SET levelid = ?, question = ?, questionDetails = ?, questionIcon = ?, updatedBy = ?, versionId = ? WHERE ((questionId = ?) AND (versionId = ?))
	bind => [1, 0xcnfyvTnTgqxbIEIjTj0m9mUJo7fHMrarGe5SthVd9iR5vNhU, CyI, ChsgmWpfCardr1HCwQUvvlazJhq64Mn9djKy3UsAlLVeoNHise, AAAAA, 2, 8671CB12-7728-4657-A38F-AC80BAF12325, 1]
In around repository aspect
[EL Fine]: sql: 2015-11-02 05:59:58.243--ClientSession(1424264340)--Connection(804408837)--Thread(Thread[Test worker,5,main])--SELECT questionId, levelid, question, questionDetails, questionIcon, versionId, createdBy, createdDate, updatedBy, updatedDate, activeStatus, txnAccessCode FROM ast_Question_M WHERE ((activeStatus = ?) AND (questionId = ?))
	bind => [1, 8671CB12-7728-4657-A38F-AC80BAF12325]
In around repository aspect
[EL Fine]: sql: 2015-11-02 05:59:58.248--ClientSession(523126710)--Connection(804408837)--Thread(Thread[Test worker,5,main])--SELECT questionId, levelid, question, questionDetails, questionIcon, versionId, createdBy, createdDate, updatedBy, updatedDate, activeStatus, txnAccessCode FROM ast_Question_M WHERE (questionId = ?)
	bind => [8671CB12-7728-4657-A38F-AC80BAF12325]
[EL Fine]: sql: 2015-11-02 05:59:58.25--ClientSession(523126710)--Connection(804408837)--Thread(Thread[Test worker,5,main])--DELETE FROM ast_Question_M WHERE ((questionId = ?) AND (versionId = ?))
	bind => [8671CB12-7728-4657-A38F-AC80BAF12325, 2]
]]></system-out>
  <system-err><![CDATA[]]></system-err>
</testsuite>
