<?xml version="1.0" encoding="UTF-8"?>
<testsuite name="com.app.server.service.AppCustomerTypeTestCase" tests="4" skipped="0" failures="0" errors="0" timestamp="2015-11-02T05:59:58" hostname="3a80cb6ba80a" time="0.065">
  <properties/>
  <testcase name="test1Save" classname="com.app.server.service.AppCustomerTypeTestCase" time="0.042"/>
  <testcase name="test2Update" classname="com.app.server.service.AppCustomerTypeTestCase" time="0.01"/>
  <testcase name="test3FindById" classname="com.app.server.service.AppCustomerTypeTestCase" time="0.004"/>
  <testcase name="test4Delete" classname="com.app.server.service.AppCustomerTypeTestCase" time="0.007"/>
  <system-out><![CDATA[Setting logged in user info for ADD
In around repository aspect
[EL Fine]: sql: 2015-11-02 05:59:58.478--ClientSession(1442347024)--Connection(804408837)--Thread(Thread[Test worker,5,main])--INSERT INTO ast_AppCustomerType_M (appcustTypeId, customerType, defaults, sequenceId, versionId, createdBy, createdDate, updatedBy, updatedDate, activeStatus, txnAccessCode) VALUES (?, ?, ?, ?, ?, ?, ?, ?, ?, ?, ?)
	bind => [E2EED67C-D8A0-4E65-8227-D90DE130129B, juTw1z4A4l7owuJH1V01t6OYBKx4NLeBLoCIZIXsNxidnHDK0H, 0, 2147483647, 1, AAAAA, 2015-11-02 11:29:58.45, null, 2015-11-02 11:29:58.45, 1, null]
In around repository aspect
[EL Fine]: sql: 2015-11-02 05:59:58.486--ClientSession(2087024111)--Connection(804408837)--Thread(Thread[Test worker,5,main])--SELECT appcustTypeId, customerType, defaults, sequenceId, versionId, createdBy, createdDate, updatedBy, updatedDate, activeStatus, txnAccessCode FROM ast_AppCustomerType_M WHERE ((activeStatus = ?) AND (appcustTypeId = ?))
	bind => [1, E2EED67C-D8A0-4E65-8227-D90DE130129B]
Setting logged in user info for UPDATE
In around repository aspect
[EL Fine]: sql: 2015-11-02 05:59:58.488--ClientSession(754640070)--Connection(804408837)--Thread(Thread[Test worker,5,main])--SELECT appcustTypeId, customerType, defaults, sequenceId, versionId, createdBy, createdDate, updatedBy, updatedDate, activeStatus, txnAccessCode FROM ast_AppCustomerType_M WHERE (appcustTypeId = ?)
	bind => [E2EED67C-D8A0-4E65-8227-D90DE130129B]
[EL Fine]: sql: 2015-11-02 05:59:58.489--ClientSession(754640070)--Connection(804408837)--Thread(Thread[Test worker,5,main])--UPDATE ast_AppCustomerType_M SET customerType = ?, updatedBy = ?, versionId = ? WHERE ((appcustTypeId = ?) AND (versionId = ?))
	bind => [0e1IoM8NML7g2dCsEjoflxbfNwex1cyf6imqHQl5PXsBGKJcNg, AAAAA, 2, E2EED67C-D8A0-4E65-8227-D90DE130129B, 1]
In around repository aspect
[EL Fine]: sql: 2015-11-02 05:59:58.496--ClientSession(1126933789)--Connection(804408837)--Thread(Thread[Test worker,5,main])--SELECT appcustTypeId, customerType, defaults, sequenceId, versionId, createdBy, createdDate, updatedBy, updatedDate, activeStatus, txnAccessCode FROM ast_AppCustomerType_M WHERE ((activeStatus = ?) AND (appcustTypeId = ?))
	bind => [1, E2EED67C-D8A0-4E65-8227-D90DE130129B]
In around repository aspect
[EL Fine]: sql: 2015-11-02 05:59:58.501--ClientSession(47469066)--Connection(804408837)--Thread(Thread[Test worker,5,main])--SELECT appcustTypeId, customerType, defaults, sequenceId, versionId, createdBy, createdDate, updatedBy, updatedDate, activeStatus, txnAccessCode FROM ast_AppCustomerType_M WHERE (appcustTypeId = ?)
	bind => [E2EED67C-D8A0-4E65-8227-D90DE130129B]
[EL Fine]: sql: 2015-11-02 05:59:58.502--ClientSession(47469066)--Connection(804408837)--Thread(Thread[Test worker,5,main])--DELETE FROM ast_AppCustomerType_M WHERE ((appcustTypeId = ?) AND (versionId = ?))
	bind => [E2EED67C-D8A0-4E65-8227-D90DE130129B, 2]
]]></system-out>
  <system-err><![CDATA[]]></system-err>
</testsuite>
