<?xml version="1.0" encoding="UTF-8"?>
<testsuite name="com.app.server.service.PasswordAlgoTestCase" tests="4" skipped="0" failures="0" errors="0" timestamp="2015-11-02T06:00:00" hostname="3a80cb6ba80a" time="0.098">
  <properties/>
  <testcase name="test1Save" classname="com.app.server.service.PasswordAlgoTestCase" time="0.068"/>
  <testcase name="test2Update" classname="com.app.server.service.PasswordAlgoTestCase" time="0.014"/>
  <testcase name="test3FindById" classname="com.app.server.service.PasswordAlgoTestCase" time="0.007"/>
  <testcase name="test4Delete" classname="com.app.server.service.PasswordAlgoTestCase" time="0.008"/>
  <system-out><![CDATA[Setting logged in user info for ADD
In around repository aspect
[EL Fine]: sql: 2015-11-02 06:00:00.169--ClientSession(334352010)--Connection(804408837)--Thread(Thread[Test worker,5,main])--INSERT INTO ast_PasswordAlgo_M (algoId, algoDescription, algoHelp, algoIcon, algoName, algorithm, versionId, createdBy, createdDate, updatedBy, updatedDate, activeStatus, txnAccessCode) VALUES (?, ?, ?, ?, ?, ?, ?, ?, ?, ?, ?, ?, ?)
	bind => [FA2CD7D5-EC92-40C2-A1EC-82B2DE99A1E1, hJ0QsRKfO3vWvrygz5Ds4JQBlVIvNtBwcXlOl1AJvqyRpYIbbP, FuehFHLt2ygP5hIXZC4Efs2GG2MCAKG0nY3xUqXJw6pkEngy9T, gKo9wDV1cGuxTVvHDZdhhbSzwKbjPF5Tx03NKM98DqxHP6zden, UXumw2NR6A5y5ECHgUiLdR378JYVL9MqSqnPwHOW0I8CoMpHb2, 2, 1, AAAAA, 2015-11-02 11:30:00.122, null, 2015-11-02 11:30:00.122, 1, null]
In around repository aspect
[EL Fine]: sql: 2015-11-02 06:00:00.181--ClientSession(70977402)--Connection(804408837)--Thread(Thread[Test worker,5,main])--SELECT algoId, algoDescription, algoHelp, algoIcon, algoName, algorithm, versionId, createdBy, createdDate, updatedBy, updatedDate, activeStatus, txnAccessCode FROM ast_PasswordAlgo_M WHERE ((activeStatus = ?) AND (algoId = ?))
	bind => [1, FA2CD7D5-EC92-40C2-A1EC-82B2DE99A1E1]
Setting logged in user info for UPDATE
In around repository aspect
[EL Fine]: sql: 2015-11-02 06:00:00.185--ClientSession(2066163925)--Connection(804408837)--Thread(Thread[Test worker,5,main])--SELECT algoId, algoDescription, algoHelp, algoIcon, algoName, algorithm, versionId, createdBy, createdDate, updatedBy, updatedDate, activeStatus, txnAccessCode FROM ast_PasswordAlgo_M WHERE (algoId = ?)
	bind => [FA2CD7D5-EC92-40C2-A1EC-82B2DE99A1E1]
[EL Fine]: sql: 2015-11-02 06:00:00.187--ClientSession(2066163925)--Connection(804408837)--Thread(Thread[Test worker,5,main])--UPDATE ast_PasswordAlgo_M SET algoDescription = ?, algoHelp = ?, algoIcon = ?, algoName = ?, algorithm = ?, updatedBy = ?, versionId = ? WHERE ((algoId = ?) AND (versionId = ?))
	bind => [9nshKlwRNBJnA4pGoLtgEN6HVPlMKpsmqOGxj2VI9N8bRAkGSv, BnmjPeL8iXkTclUHUZnuMnWHKmFIS7u3uPpgMqTHcfeg9FxgMz, s1zKhihAwL1afXevhYgWU1VxFUGKTPRSyTARHUrqw1clfGnrXZ, iS0d71U2c54Z79DaJnOkcQB8vQEfUM2xAmSkjxMmJL705GFMH5, 3, AAAAA, 2, FA2CD7D5-EC92-40C2-A1EC-82B2DE99A1E1, 1]
In around repository aspect
[EL Fine]: sql: 2015-11-02 06:00:00.195--ClientSession(1868660505)--Connection(804408837)--Thread(Thread[Test worker,5,main])--SELECT algoId, algoDescription, algoHelp, algoIcon, algoName, algorithm, versionId, createdBy, createdDate, updatedBy, updatedDate, activeStatus, txnAccessCode FROM ast_PasswordAlgo_M WHERE ((activeStatus = ?) AND (algoId = ?))
	bind => [1, FA2CD7D5-EC92-40C2-A1EC-82B2DE99A1E1]
In around repository aspect
[EL Fine]: sql: 2015-11-02 06:00:00.2--ClientSession(652475879)--Connection(804408837)--Thread(Thread[Test worker,5,main])--SELECT algoId, algoDescription, algoHelp, algoIcon, algoName, algorithm, versionId, createdBy, createdDate, updatedBy, updatedDate, activeStatus, txnAccessCode FROM ast_PasswordAlgo_M WHERE (algoId = ?)
	bind => [FA2CD7D5-EC92-40C2-A1EC-82B2DE99A1E1]
[EL Fine]: sql: 2015-11-02 06:00:00.201--ClientSession(652475879)--Connection(804408837)--Thread(Thread[Test worker,5,main])--DELETE FROM ast_PasswordAlgo_M WHERE ((algoId = ?) AND (versionId = ?))
	bind => [FA2CD7D5-EC92-40C2-A1EC-82B2DE99A1E1, 2]
]]></system-out>
  <system-err><![CDATA[]]></system-err>
</testsuite>
